<?xml version="1.0" encoding="UTF-8"?>
<!-- Generated by org.testng.reporters.JUnitXMLReporter -->
<testsuite hostname="DESKTOP-EM9FOIH" ignored="0" name="Default test" tests="4" failures="0" timestamp="20 Mar 2018 19:02:35 GMT" time="27.663" errors="0">
  <testcase name="successfullLogin" time="5.226" classname="tests.login_Page_Test.Login_Page_Test"/>
  <testcase name="unsuccessfullLoginInvalidUserName" time="3.719" classname="tests.login_Page_Test.Login_Page_Test"/>
  <testcase name="unsuccessfullLoginInvalidPassword" time="3.179" classname="tests.login_Page_Test.Login_Page_Test"/>
  <testcase name="unsuccessfullLoginInvalidUserNameAndPassword" time="3.168" classname="tests.login_Page_Test.Login_Page_Test"/>
</testsuite> <!-- Default test -->
