<?xml version="1.0" encoding="UTF-8"?>
<!-- Generated by org.testng.reporters.JUnitXMLReporter -->
<testsuite hostname="DESKTOP-EM9FOIH" ignored="0" name="Default test" tests="2" failures="0" timestamp="25 Mar 2018 20:09:33 GMT" time="11.062" errors="0">
  <testcase name="successfullLoginWithParameters" time="3.29" classname="tests.login_Page_Test.Login_Page_Test"/>
  <testcase name="successfullLoginWithDataProvider" time="2.219" classname="tests.login_Page_Test.Login_Page_Test"/>
</testsuite> <!-- Default test -->
