<?xml version="1.0" encoding="UTF-8"?>
<testng-results skipped="0" failed="0" ignored="0" total="2" passed="2">
  <reporter-output>
  </reporter-output>
  <suite name="Default suite" duration-ms="11062" started-at="2018-03-25T20:09:22Z" finished-at="2018-03-25T20:09:33Z">
    <groups>
    </groups>
    <test name="Default test" duration-ms="11062" started-at="2018-03-25T20:09:22Z" finished-at="2018-03-25T20:09:33Z">
      <class name="tests.login_Page_Test.Login_Page_Test">
        <test-method status="PASS" signature="initializeBrowser()[pri:0, instance:tests.login_Page_Test.Login_Page_Test@29774679]" name="initializeBrowser" is-config="true" duration-ms="7551" started-at="2018-03-26T01:39:14Z" finished-at="2018-03-26T01:39:22Z">
          <reporter-output>
          </reporter-output>
        </test-method> <!-- initializeBrowser -->
        <test-method status="PASS" signature="goToURL()[pri:0, instance:tests.login_Page_Test.Login_Page_Test@29774679]" name="goToURL" is-config="true" duration-ms="2868" started-at="2018-03-26T01:39:22Z" finished-at="2018-03-26T01:39:24Z">
          <reporter-output>
          </reporter-output>
        </test-method> <!-- goToURL -->
        <test-method status="PASS" signature="successfullLoginWithParameters(java.lang.String, java.lang.String)[pri:4, instance:tests.login_Page_Test.Login_Page_Test@29774679]" name="successfullLoginWithParameters" duration-ms="3290" started-at="2018-03-26T01:39:24Z" finished-at="2018-03-26T01:39:28Z">
          <params>
            <param index="0">
              <value>
                <![CDATA[mngr122053]]>
              </value>
            </param>
            <param index="1">
              <value>
                <![CDATA[sEzusev]]>
              </value>
            </param>
          </params>
          <reporter-output>
          </reporter-output>
        </test-method> <!-- successfullLoginWithParameters -->
        <test-method status="PASS" signature="afterMethod()[pri:0, instance:tests.login_Page_Test.Login_Page_Test@29774679]" name="afterMethod" is-config="true" duration-ms="1" started-at="2018-03-26T01:39:28Z" finished-at="2018-03-26T01:39:28Z">
          <reporter-output>
          </reporter-output>
        </test-method> <!-- afterMethod -->
        <test-method status="PASS" signature="goToURL()[pri:0, instance:tests.login_Page_Test.Login_Page_Test@29774679]" name="goToURL" is-config="true" duration-ms="2637" started-at="2018-03-26T01:39:28Z" finished-at="2018-03-26T01:39:30Z">
          <reporter-output>
          </reporter-output>
        </test-method> <!-- goToURL -->
        <test-method status="PASS" signature="successfullLoginWithDataProvider(java.lang.String, java.lang.String)[pri:5, instance:tests.login_Page_Test.Login_Page_Test@29774679]" name="successfullLoginWithDataProvider" duration-ms="2219" started-at="2018-03-26T01:39:30Z" data-provider="credentials" finished-at="2018-03-26T01:39:33Z">
          <params>
            <param index="0">
              <value>
                <![CDATA[mngr122053]]>
              </value>
            </param>
            <param index="1">
              <value>
                <![CDATA[sEzusev]]>
              </value>
            </param>
          </params>
          <reporter-output>
          </reporter-output>
        </test-method> <!-- successfullLoginWithDataProvider -->
        <test-method status="PASS" signature="afterMethod()[pri:0, instance:tests.login_Page_Test.Login_Page_Test@29774679]" name="afterMethod" is-config="true" duration-ms="0" started-at="2018-03-26T01:39:33Z" finished-at="2018-03-26T01:39:33Z">
          <reporter-output>
          </reporter-output>
        </test-method> <!-- afterMethod -->
        <test-method status="PASS" signature="closeBrowser()[pri:0, instance:tests.login_Page_Test.Login_Page_Test@29774679]" name="closeBrowser" is-config="true" duration-ms="1470" started-at="2018-03-26T01:39:33Z" finished-at="2018-03-26T01:39:34Z">
          <reporter-output>
          </reporter-output>
        </test-method> <!-- closeBrowser -->
      </class> <!-- tests.login_Page_Test.Login_Page_Test -->
    </test> <!-- Default test -->
  </suite> <!-- Default suite -->
</testng-results>
